<?xml version="1.0" encoding="UTF-8"?>
<!-- Generated by org.testng.reporters.JUnitReportReporter -->
<testsuite hostname="DESKTOP-3CNBKPE" failures="0" tests="2" name="jsonProject.ValidateTeamTest" time="0.035" errors="0" timestamp="2024-05-30T00:30:30 IST" skipped="0">
  <testcase classname="jsonProject.ValidateTeamTest" name="wicketKeeper" time="0.008"/>
  <system-out/>
  <testcase classname="jsonProject.ValidateTeamTest" name="foreignPlayers" time="0.027"/>
  <system-out/>
</testsuite> <!-- jsonProject.ValidateTeamTest -->
